<?xml version="1.0" encoding="UTF-8"?>
<!DOCTYPE mapper PUBLIC " - //mybatis.org//DTD Config 3.0//EN" " http://mybatis.org/dtd/mybatis-3-mapper.dtd">
     
<mapper namespace="test">
   <resultMap type="MembersModel" id="membersRes">
      <result property="m_no" column="M_NO" />
      <result property="m_id" column="M_ID" />
      <result property="m_name" column="M_NAME" />
      <result property="m_password" column="M_PASSWORD" />
      <result property="m_phone" column="M_PHONE" />
      <result property="m_date" column="M_DATE" />
      <result property="m_fav_area" column="M_FAV_AREA" />
      <result property="m_fav_field" column="M_FAV_FIELD" />
      <result property="m_grade" column="M_GRADE" />
      <result property="m_lv" column="M_LV" />
      <result property="m_penalty" column="M_PENALTY" />
      <result property="m_profile" column="M_PROFILE" />
      <result property="m_active" column="M_ACTIVE" />
   </resultMap>
   
   <!-- 회원가입 -->
	<insert id="insertMember" parameterType="MembersModel">
		INSERT INTO MEMBERS(m_no, m_id, m_name, m_password, m_phone)
		VALUES(members_seq.nextval, '아이디', #{m_name}, '0000', '폰 번호')
	</insert>
	
	<select id="idCheck" resultType="int" parameterType="string">
		SELECT COUNT(*) FROM MEMBERS WHERE m_id=#{m_id}
	</select>
	
	<select id="loginCheck" resultType="MembersModel" parameterType="MembersModel">
		SELECT * FROM MEMBERS WHERE m_id = #{m_id} and m_password=#{m_password}
	</select>
	
</mapper>   